Arguments: 
  C:\Program Files\nodejs\node.exe C:\Users\Benedict\AppData\Roaming\npm\node_modules\yarn\bin\yarn.js add puppetteer

PATH: 
  C:\Program Files\Common Files\Oracle\Java\javapath;C:\Program Files (x86)\VMware\VMware Player\bin\;C:\Windows\system32;C:\Windows;C:\Windows\System32\Wbem;C:\Windows\System32\WindowsPowerShell\v1.0\;C:\Windows\System32\OpenSSH\;C:\Program Files (x86)\NVIDIA Corporation\PhysX\Common;C:\Program Files\Docker\Docker\resources\bin;C:\ngrok-v3-stable-windows-amd64;C:\Program Files\Microsoft SQL Server\150\Tools\Binn\;C:\Program Files\Microsoft SQL Server\Client SDK\ODBC\170\Tools\Binn\;C:\Program Files\dotnet\;C:\ProgramData\chocolatey\bin;C:\Program Files\Git\cmd;C:\Users\Benedict\Downloads\mongosh-1.10.2-win32-x64\mongosh-1.10.2-win32-x64\bin;C:\Program Files\nodejs\;C:\Program Files\MongoDB\Server\6.0\bin;C:\Program Files\Go\bin;C:\Program Files\MySQL\MySQL Server 8.0\bin;C:\Users\Benedict\Downloads\php-8.3.0-nts-Win32-vs16-x64;C:\Users\Benedict\AppData\Local\Yarn\bin;C:\Users\Benedict\AppData\Local\Programs\Python\Python311\Scripts\;C:\Users\Benedict\AppData\Local\Programs\Python\Python311\;C:\Users\Benedict\.cargo\bin;C:\Users\Benedict\AppData\Local\Microsoft\WindowsApps;C:\Users\Benedict\AppData\Local\Programs\Microsoft VS Code\bin;C:\ffmpeg\bin;C:\Users\Benedict\.dotnet\tools;C:\Program Files\JetBrains\IntelliJ IDEA Community Edition 2023.2\bin;;C:\Users\Benedict\AppData\Roaming\npm;C:\Users\Benedict\go\bin;C:\Program Files (x86)\Nmap;

Yarn version: 
  1.22.19

Node version: 
  18.17.1

Platform: 
  win32 x64

Trace: 
  Error: https://registry.yarnpkg.com/puppetteer: Not found
      at params.callback [as _callback] (C:\Users\Benedict\AppData\Roaming\npm\node_modules\yarn\lib\cli.js:66145:18)
      at self.callback (C:\Users\Benedict\AppData\Roaming\npm\node_modules\yarn\lib\cli.js:140890:22)
      at Request.emit (node:events:514:28)
      at Request.<anonymous> (C:\Users\Benedict\AppData\Roaming\npm\node_modules\yarn\lib\cli.js:141862:10)
      at Request.emit (node:events:514:28)
      at IncomingMessage.<anonymous> (C:\Users\Benedict\AppData\Roaming\npm\node_modules\yarn\lib\cli.js:141784:12)
      at Object.onceWrapper (node:events:628:28)
      at IncomingMessage.emit (node:events:526:35)
      at endReadableNT (node:internal/streams/readable:1359:12)
      at process.processTicksAndRejections (node:internal/process/task_queues:82:21)

npm manifest: 
  {
    "name": "ihvn-savings-bot",
    "version": "1.0.0",
    "main": "index.js",
    "repository": "https://github.com/benhexie/ihvn-savings-bot.git",
    "author": "benhexie <benedictgabriel73@gmail.com>",
    "license": "MIT"
  }

yarn manifest: 
  No manifest

Lockfile: 
  No lockfile
